This is pdfTeX, Version 3.14159265-2.6-1.40.20 (TeX Live 2019/Debian) (preloaded format=pdflatex 2022.1.21)  24 JAN 2022 21:50
entering extended mode
 restricted \write18 enabled.
 file:line:error style messages enabled.
 %&-line parsing enabled.
**/home/nik/FRI/VPSA/Vaje/seminarska/results/report/report.tex
(/home/nik/FRI/VPSA/Vaje/seminarska/results/report/report.tex
LaTeX2e <2020-02-02> patch level 2
L3 programming layer <2020-02-14> (/usr/share/texlive/texmf-dist/tex/latex/base/article.cls
Document Class: article 2019/12/20 v1.4l Standard LaTeX document class
(/usr/share/texlive/texmf-dist/tex/latex/base/size11.clo
File: size11.clo 2019/12/20 v1.4l Standard LaTeX file (size option)
)
\c@part=\count167
\c@section=\count168
\c@subsection=\count169
\c@subsubsection=\count170
\c@paragraph=\count171
\c@subparagraph=\count172
\c@figure=\count173
\c@table=\count174
\abovecaptionskip=\skip47
\belowcaptionskip=\skip48
\bibindent=\dimen134
) (/usr/share/texlive/texmf-dist/tex/latex/graphics/graphicx.sty
Package: graphicx 2019/11/30 v1.2a Enhanced LaTeX Graphics (DPC,SPQR)
 (/usr/share/texlive/texmf-dist/tex/latex/graphics/keyval.sty
Package: keyval 2014/10/28 v1.15 key=value parser (DPC)
\KV@toks@=\toks14
) (/usr/share/texlive/texmf-dist/tex/latex/graphics/graphics.sty
Package: graphics 2019/11/30 v1.4a Standard LaTeX Graphics (DPC,SPQR)
 (/usr/share/texlive/texmf-dist/tex/latex/graphics/trig.sty
Package: trig 2016/01/03 v1.10 sin cos tan (DPC)
) (/usr/share/texlive/texmf-dist/tex/latex/graphics-cfg/graphics.cfg
File: graphics.cfg 2016/06/04 v1.11 sample graphics configuration
)
Package graphics Info: Driver file: pdftex.def on input line 105.
 (/usr/share/texlive/texmf-dist/tex/latex/graphics-def/pdftex.def
File: pdftex.def 2018/01/08 v1.0l Graphics/color driver for pdftex
))
\Gin@req@height=\dimen135
\Gin@req@width=\dimen136
) (/usr/share/texlive/texmf-dist/tex/latex/multirow/multirow.sty
Package: multirow 2019/05/31 v2.5 Span multiple rows of a table
\multirow@colwidth=\skip49
\multirow@cntb=\count175
\multirow@dima=\skip50
\bigstrutjot=\dimen137
) (/usr/share/texlive/texmf-dist/tex/latex/float/float.sty
Package: float 2001/11/08 v1.3d Float enhancements (AL)
\c@float@type=\count176
\float@exts=\toks15
\float@box=\box45
\@float@everytoks=\toks16
\@floatcapt=\box46
) (/usr/share/texlive/texmf-dist/tex/latex/hyperref/hyperref.sty
Package: hyperref 2020/01/14 v7.00d Hypertext links for LaTeX
 (/usr/share/texlive/texmf-dist/tex/generic/ltxcmds/ltxcmds.sty
Package: ltxcmds 2019/12/15 v1.24 LaTeX kernel commands for general use (HO)
) (/usr/share/texlive/texmf-dist/tex/generic/iftex/iftex.sty
Package: iftex 2019/11/07 v1.0c TeX engine tests
) (/usr/share/texlive/texmf-dist/tex/latex/pdftexcmds/pdftexcmds.sty
Package: pdftexcmds 2019/11/24 v0.31 Utility functions of pdfTeX for LuaTeX (HO)
 (/usr/share/texlive/texmf-dist/tex/generic/infwarerr/infwarerr.sty
Package: infwarerr 2019/12/03 v1.5 Providing info/warning/error messages (HO)
)
Package pdftexcmds Info: \pdf@primitive is available.
Package pdftexcmds Info: \pdf@ifprimitive is available.
Package pdftexcmds Info: \pdfdraftmode found.
) (/usr/share/texlive/texmf-dist/tex/generic/kvsetkeys/kvsetkeys.sty
Package: kvsetkeys 2019/12/15 v1.18 Key value parser (HO)
) (/usr/share/texlive/texmf-dist/tex/generic/kvdefinekeys/kvdefinekeys.sty
Package: kvdefinekeys 2019-12-19 v1.6 Define keys (HO)
) (/usr/share/texlive/texmf-dist/tex/generic/pdfescape/pdfescape.sty
Package: pdfescape 2019/12/09 v1.15 Implements pdfTeX's escape features (HO)
) (/usr/share/texlive/texmf-dist/tex/latex/hycolor/hycolor.sty
Package: hycolor 2020-01-27 v1.10 Color options for hyperref/bookmark (HO)
) (/usr/share/texlive/texmf-dist/tex/latex/letltxmacro/letltxmacro.sty
Package: letltxmacro 2019/12/03 v1.6 Let assignment for LaTeX macros (HO)
) (/usr/share/texlive/texmf-dist/tex/latex/auxhook/auxhook.sty
Package: auxhook 2019-12-17 v1.6 Hooks for auxiliary files (HO)
) (/usr/share/texlive/texmf-dist/tex/latex/kvoptions/kvoptions.sty
Package: kvoptions 2019/11/29 v3.13 Key value format for package options (HO)
)
\@linkdim=\dimen138
\Hy@linkcounter=\count177
\Hy@pagecounter=\count178
 (/usr/share/texlive/texmf-dist/tex/latex/hyperref/pd1enc.def
File: pd1enc.def 2020/01/14 v7.00d Hyperref: PDFDocEncoding definition (HO)
Now handling font encoding PD1 ...
... no UTF-8 mapping file for font encoding PD1
) (/usr/share/texlive/texmf-dist/tex/generic/intcalc/intcalc.sty
Package: intcalc 2019/12/15 v1.3 Expandable calculations with integers (HO)
) (/usr/share/texlive/texmf-dist/tex/generic/etexcmds/etexcmds.sty
Package: etexcmds 2019/12/15 v1.7 Avoid name clashes with e-TeX commands (HO)
)
\Hy@SavedSpaceFactor=\count179
\pdfmajorversion=\count180
Package hyperref Info: Hyper figures OFF on input line 4547.
Package hyperref Info: Link nesting OFF on input line 4552.
Package hyperref Info: Hyper index ON on input line 4555.
Package hyperref Info: Plain pages OFF on input line 4562.
Package hyperref Info: Backreferencing OFF on input line 4567.
Package hyperref Info: Implicit mode ON; LaTeX internals redefined.
Package hyperref Info: Bookmarks ON on input line 4800.
\c@Hy@tempcnt=\count181
 (/usr/share/texlive/texmf-dist/tex/latex/url/url.sty
\Urlmuskip=\muskip16
Package: url 2013/09/16  ver 3.4  Verb mode for urls, etc.
)
LaTeX Info: Redefining \url on input line 5159.
\XeTeXLinkMargin=\dimen139
 (/usr/share/texlive/texmf-dist/tex/generic/bitset/bitset.sty
Package: bitset 2019/12/09 v1.3 Handle bit-vector datatype (HO)
 (/usr/share/texlive/texmf-dist/tex/generic/bigintcalc/bigintcalc.sty
Package: bigintcalc 2019/12/15 v1.5 Expandable calculations on big integers (HO)
))
\Fld@menulength=\count182
\Field@Width=\dimen140
\Fld@charsize=\dimen141
Package hyperref Info: Hyper figures OFF on input line 6430.
Package hyperref Info: Link nesting OFF on input line 6435.
Package hyperref Info: Hyper index ON on input line 6438.
Package hyperref Info: backreferencing OFF on input line 6445.
Package hyperref Info: Link coloring OFF on input line 6450.
Package hyperref Info: Link coloring with OCG OFF on input line 6455.
Package hyperref Info: PDF/A mode OFF on input line 6460.
LaTeX Info: Redefining \ref on input line 6500.
LaTeX Info: Redefining \pageref on input line 6504.
 (/usr/share/texlive/texmf-dist/tex/generic/atbegshi/atbegshi.sty
Package: atbegshi 2019/12/05 v1.19 At begin shipout hook (HO)
)
\Hy@abspage=\count183
\c@Item=\count184
\c@Hfootnote=\count185
)
Package hyperref Info: Driver (autodetected): hpdftex.
 (/usr/share/texlive/texmf-dist/tex/latex/hyperref/hpdftex.def
File: hpdftex.def 2020/01/14 v7.00d Hyperref driver for pdfTeX
 (/usr/share/texlive/texmf-dist/tex/latex/atveryend/atveryend.sty
Package: atveryend 2019-12-11 v1.11 Hooks at the very end of document (HO)
Package atveryend Info: \enddocument detected (standard20110627).
)
\Fld@listcount=\count186
\c@bookmark@seq@number=\count187
 (/usr/share/texlive/texmf-dist/tex/latex/rerunfilecheck/rerunfilecheck.sty
Package: rerunfilecheck 2019/12/05 v1.9 Rerun checks for auxiliary files (HO)
 (/usr/share/texlive/texmf-dist/tex/generic/uniquecounter/uniquecounter.sty
Package: uniquecounter 2019/12/15 v1.4 Provide unlimited unique counter (HO)
)
Package uniquecounter Info: New unique counter `rerunfilecheck' on input line 286.
)
\Hy@SectionHShift=\skip51
) (/usr/share/texlive/texmf-dist/tex/latex/biblatex/biblatex.sty
Package: biblatex 2019/12/01 v3.14 programmable bibliographies (PK/MW)
 (/usr/share/texlive/texmf-dist/tex/latex/etoolbox/etoolbox.sty
Package: etoolbox 2019/09/21 v2.5h e-TeX tools for LaTeX (JAW)
\etb@tempcnta=\count188
) (/usr/share/texlive/texmf-dist/tex/latex/logreq/logreq.sty
Package: logreq 2010/08/04 v1.0 xml request logger
\lrq@indent=\count189
 (/usr/share/texlive/texmf-dist/tex/latex/logreq/logreq.def
File: logreq.def 2010/08/04 v1.0 logreq spec v1.0
)) (/usr/share/texlive/texmf-dist/tex/latex/base/ifthen.sty
Package: ifthen 2014/09/29 v1.1c Standard LaTeX ifthen package (DPC)
)
\c@tabx@nest=\count190
\c@listtotal=\count191
\c@listcount=\count192
\c@liststart=\count193
\c@liststop=\count194
\c@citecount=\count195
\c@citetotal=\count196
\c@multicitecount=\count197
\c@multicitetotal=\count198
\c@instcount=\count199
\c@maxnames=\count266
\c@minnames=\count267
\c@maxitems=\count268
\c@minitems=\count269
\c@citecounter=\count270
\c@maxcitecounter=\count271
\c@savedcitecounter=\count272
\c@uniquelist=\count273
\c@uniquename=\count274
\c@refsection=\count275
\c@refsegment=\count276
\c@maxextratitle=\count277
\c@maxextratitleyear=\count278
\c@maxextraname=\count279
\c@maxextradate=\count280
\c@maxextraalpha=\count281
\c@abbrvpenalty=\count282
\c@highnamepenalty=\count283
\c@lownamepenalty=\count284
\c@maxparens=\count285
\c@parenlevel=\count286
\blx@tempcnta=\count287
\blx@tempcntb=\count288
\blx@tempcntc=\count289
\blx@maxsection=\count290
\blx@maxsegment@0=\count291
\blx@notetype=\count292
\blx@parenlevel@text=\count293
\blx@parenlevel@foot=\count294
\blx@sectionciteorder@0=\count295
\blx@entrysetcounter=\count296
\labelnumberwidth=\skip52
\labelalphawidth=\skip53
\biblabelsep=\skip54
\bibitemsep=\skip55
\bibnamesep=\skip56
\bibinitsep=\skip57
\bibparsep=\skip58
\bibhang=\skip59
\blx@bcfin=\read2
\blx@bcfout=\write3
\blx@langwohyphens=\language85
\c@mincomprange=\count297
\c@maxcomprange=\count298
\c@mincompwidth=\count299
Package biblatex Info: Trying to load biblatex default data model...
Package biblatex Info: ... file 'blx-dm.def' found.
 (/usr/share/texlive/texmf-dist/tex/latex/biblatex/blx-dm.def
File: blx-dm.def 2019/12/01 v3.14 biblatex localization (PK/MW)
)
Package biblatex Info: Trying to load biblatex custom data model...
Package biblatex Info: ... file 'biblatex-dm.cfg' not found.
\c@afterword=\count300
\c@savedafterword=\count301
\c@annotator=\count302
\c@savedannotator=\count303
\c@author=\count304
\c@savedauthor=\count305
\c@bookauthor=\count306
\c@savedbookauthor=\count307
\c@commentator=\count308
\c@savedcommentator=\count309
\c@editor=\count310
\c@savededitor=\count311
\c@editora=\count312
\c@savededitora=\count313
\c@editorb=\count314
\c@savededitorb=\count315
\c@editorc=\count316
\c@savededitorc=\count317
\c@foreword=\count318
\c@savedforeword=\count319
\c@holder=\count320
\c@savedholder=\count321
\c@introduction=\count322
\c@savedintroduction=\count323
\c@namea=\count324
\c@savednamea=\count325
\c@nameb=\count326
\c@savednameb=\count327
\c@namec=\count328
\c@savednamec=\count329
\c@translator=\count330
\c@savedtranslator=\count331
\c@shortauthor=\count332
\c@savedshortauthor=\count333
\c@shorteditor=\count334
\c@savedshorteditor=\count335
\c@labelname=\count336
\c@savedlabelname=\count337
\c@institution=\count338
\c@savedinstitution=\count339
\c@lista=\count340
\c@savedlista=\count341
\c@listb=\count342
\c@savedlistb=\count343
\c@listc=\count344
\c@savedlistc=\count345
\c@listd=\count346
\c@savedlistd=\count347
\c@liste=\count348
\c@savedliste=\count349
\c@listf=\count350
\c@savedlistf=\count351
\c@location=\count352
\c@savedlocation=\count353
\c@organization=\count354
\c@savedorganization=\count355
\c@origlocation=\count356
\c@savedoriglocation=\count357
\c@origpublisher=\count358
\c@savedorigpublisher=\count359
\c@publisher=\count360
\c@savedpublisher=\count361
\c@language=\count362
\c@savedlanguage=\count363
\c@origlanguage=\count364
\c@savedoriglanguage=\count365
\c@pageref=\count366
\c@savedpageref=\count367
\shorthandwidth=\skip60
\shortjournalwidth=\skip61
\shortserieswidth=\skip62
\shorttitlewidth=\skip63
\shortauthorwidth=\skip64
\shorteditorwidth=\skip65
\locallabelnumberwidth=\skip66
\locallabelalphawidth=\skip67
\localshorthandwidth=\skip68
\localshortjournalwidth=\skip69
\localshortserieswidth=\skip70
\localshorttitlewidth=\skip71
\localshortauthorwidth=\skip72
\localshorteditorwidth=\skip73
Package biblatex Info: Trying to load compatibility code...
Package biblatex Info: ... file 'blx-compat.def' found.
 (/usr/share/texlive/texmf-dist/tex/latex/biblatex/blx-compat.def
File: blx-compat.def 2019/12/01 v3.14 biblatex compatibility (PK/MW)
)
Package biblatex Info: Trying to load generic definitions...
Package biblatex Info: ... file 'biblatex.def' found.
 (/usr/share/texlive/texmf-dist/tex/latex/biblatex/biblatex.def
File: biblatex.def 2019/12/01 v3.14 biblatex compatibility (PK/MW)
\c@textcitecount=\count368
\c@textcitetotal=\count369
\c@textcitemaxnames=\count370
\c@biburlbigbreakpenalty=\count371
\c@biburlbreakpenalty=\count372
\c@biburlnumpenalty=\count373
\c@biburlucpenalty=\count374
\c@biburllcpenalty=\count375
\biburlbigskip=\muskip17
\biburlnumskip=\muskip18
\biburlucskip=\muskip19
\biburllcskip=\muskip20
\c@smartand=\count376
)
Package biblatex Info: Trying to load bibliography style 'numeric'...
Package biblatex Info: ... file 'numeric.bbx' found.
 (/usr/share/texlive/texmf-dist/tex/latex/biblatex/bbx/numeric.bbx
File: numeric.bbx 2019/12/01 v3.14 biblatex bibliography style (PK/MW)
Package biblatex Info: Trying to load bibliography style 'standard'...
Package biblatex Info: ... file 'standard.bbx' found.
 (/usr/share/texlive/texmf-dist/tex/latex/biblatex/bbx/standard.bbx
File: standard.bbx 2019/12/01 v3.14 biblatex bibliography style (PK/MW)
\c@bbx:relatedcount=\count377
\c@bbx:relatedtotal=\count378
))
Package biblatex Info: Trying to load citation style 'numeric'...
Package biblatex Info: ... file 'numeric.cbx' found.
 (/usr/share/texlive/texmf-dist/tex/latex/biblatex/cbx/numeric.cbx
File: numeric.cbx 2019/12/01 v3.14 biblatex citation style (PK/MW)
Package biblatex Info: Redefining '\cite'.
Package biblatex Info: Redefining '\parencite'.
Package biblatex Info: Redefining '\footcite'.
Package biblatex Info: Redefining '\footcitetext'.
Package biblatex Info: Redefining '\smartcite'.
Package biblatex Info: Redefining '\supercite'.
Package biblatex Info: Redefining '\textcite'.
Package biblatex Info: Redefining '\textcites'.
Package biblatex Info: Redefining '\cites'.
Package biblatex Info: Redefining '\parencites'.
Package biblatex Info: Redefining '\smartcites'.
)
Package biblatex Info: Trying to load configuration file...
Package biblatex Info: ... file 'biblatex.cfg' found.
 (/usr/share/texlive/texmf-dist/tex/latex/biblatex/biblatex.cfg
File: biblatex.cfg 
)) (/usr/share/texlive/texmf-dist/tex/latex/algorithmicx/algpseudocode.sty
Package: algpseudocode 
 (/usr/share/texlive/texmf-dist/tex/latex/algorithmicx/algorithmicx.sty
Package: algorithmicx 2005/04/27 v1.2 Algorithmicx

Document Style algorithmicx 1.2 - a greatly improved `algorithmic' style
\c@ALG@line=\count379
\c@ALG@rem=\count380
\c@ALG@nested=\count381
\ALG@tlm=\skip74
\ALG@thistlm=\skip75
\c@ALG@Lnr=\count382
\c@ALG@blocknr=\count383
\c@ALG@storecount=\count384
\c@ALG@tmpcounter=\count385
\ALG@tmplength=\skip76
)
Document Style - pseudocode environments for use with the `algorithmicx' style
)
\@quotelevel=\count386
\@quotereset=\count387
 (/usr/share/texlive/texmf-dist/tex/latex/l3backend/l3backend-pdfmode.def
File: l3backend-pdfmode.def 2020-02-03 L3 backend support: PDF mode
\l__kernel_color_stack_int=\count388
\l__pdf_internal_box=\box47
) (/home/nik/FRI/VPSA/Vaje/seminarska/results/report/report.aux)
\openout1 = `report.aux'.

LaTeX Font Info:    Checking defaults for OML/cmm/m/it on input line 23.
LaTeX Font Info:    ... okay on input line 23.
LaTeX Font Info:    Checking defaults for OMS/cmsy/m/n on input line 23.
LaTeX Font Info:    ... okay on input line 23.
LaTeX Font Info:    Checking defaults for OT1/cmr/m/n on input line 23.
LaTeX Font Info:    ... okay on input line 23.
LaTeX Font Info:    Checking defaults for T1/cmr/m/n on input line 23.
LaTeX Font Info:    ... okay on input line 23.
LaTeX Font Info:    Checking defaults for TS1/cmr/m/n on input line 23.
LaTeX Font Info:    ... okay on input line 23.
LaTeX Font Info:    Checking defaults for OMX/cmex/m/n on input line 23.
LaTeX Font Info:    ... okay on input line 23.
LaTeX Font Info:    Checking defaults for U/cmr/m/n on input line 23.
LaTeX Font Info:    ... okay on input line 23.
LaTeX Font Info:    Checking defaults for PD1/pdf/m/n on input line 23.
LaTeX Font Info:    ... okay on input line 23.
 (/usr/share/texlive/texmf-dist/tex/context/base/mkii/supp-pdf.mkii
[Loading MPS to PDF converter (version 2006.09.02).]
\scratchcounter=\count389
\scratchdimen=\dimen142
\scratchbox=\box48
\nofMPsegments=\count390
\nofMParguments=\count391
\everyMPshowfont=\toks17
\MPscratchCnt=\count392
\MPscratchDim=\dimen143
\MPnumerator=\count393
\makeMPintoPDFobject=\count394
\everyMPtoPDFconversion=\toks18
) (/usr/share/texlive/texmf-dist/tex/latex/epstopdf-pkg/epstopdf-base.sty
Package: epstopdf-base 2020-01-24 v2.11 Base part for package epstopdf
Package epstopdf-base Info: Redefining graphics rule for `.eps' on input line 485.
 (/usr/share/texlive/texmf-dist/tex/latex/latexconfig/epstopdf-sys.cfg
File: epstopdf-sys.cfg 2010/07/13 v1.3 Configuration of (r)epstopdf for TeX Live
))
\AtBeginShipoutBox=\box49
Package hyperref Info: Link coloring OFF on input line 23.
 (/usr/share/texlive/texmf-dist/tex/latex/hyperref/nameref.sty
Package: nameref 2019/09/16 v2.46 Cross-referencing by name of section
 (/usr/share/texlive/texmf-dist/tex/latex/refcount/refcount.sty
Package: refcount 2019/12/15 v3.6 Data extraction from label references (HO)
) (/usr/share/texlive/texmf-dist/tex/generic/gettitlestring/gettitlestring.sty
Package: gettitlestring 2019/12/15 v1.6 Cleanup title references (HO)
)
\c@section@level=\count395
)
LaTeX Info: Redefining \ref on input line 23.
LaTeX Info: Redefining \pageref on input line 23.
LaTeX Info: Redefining \nameref on input line 23.
 (/home/nik/FRI/VPSA/Vaje/seminarska/results/report/report.out) (/home/nik/FRI/VPSA/Vaje/seminarska/results/report/report.out)
\@outlinefile=\write4
\openout4 = `report.out'.

Package biblatex Info: Trying to load language 'english'...
Package biblatex Info: ... file 'english.lbx' found.
 (/usr/share/texlive/texmf-dist/tex/latex/biblatex/lbx/english.lbx
File: english.lbx 2019/12/01 v3.14 biblatex localization (PK/MW)
)
Package biblatex Info: Input encoding 'utf8' detected.
Package biblatex Info: Automatic encoding selection.
(biblatex)             Assuming data encoding 'utf8'.
\openout3 = `report.bcf'.

Package biblatex Info: Trying to load bibliographic data...
Package biblatex Info: ... file 'report.bbl' found.
 (/home/nik/FRI/VPSA/Vaje/seminarska/results/report/report.bbl)
Package biblatex Info: Reference section=0 on input line 23.
Package biblatex Info: Reference segment=0 on input line 23.
LaTeX Font Info:    External font `cmex10' loaded for size
(Font)              <12> on input line 25.
LaTeX Font Info:    External font `cmex10' loaded for size
(Font)              <8> on input line 25.
LaTeX Font Info:    External font `cmex10' loaded for size
(Font)              <6> on input line 25.
 [1

{/var/lib/texmf/fonts/map/pdftex/updmap/pdftex.map}] (/home/nik/FRI/VPSA/Vaje/seminarska/results/report/report.toc
LaTeX Font Info:    External font `cmex10' loaded for size
(Font)              <10.95> on input line 9.
)
\tf@toc=\write5
\openout5 = `report.toc'.

 [2] (/home/nik/FRI/VPSA/Vaje/seminarska/results/report/report.lof
Overfull \hbox (0.3456pt too wide) in paragraph at lines 19--19
 [][] [][]\OT1/cmr/m/n/10.95 Primerjava ^^Tcasa iz-va-janja par-alel-nega al-go-ritma na CPE glede 
 []

)
\tf@lof=\write6
\openout6 = `report.lof'.

 (/home/nik/FRI/VPSA/Vaje/seminarska/results/report/report.lot)
\tf@lot=\write7
\openout7 = `report.lot'.

 [3]
Overfull \hbox (5.33508pt too wide) in paragraph at lines 49--51
[]\OT1/cmr/m/n/10.95 Za vsako gru^^Tco izra^^Tcunamo povpre^^Tcno barvo vseh pri-padajo^^Tcih slikovnih
 []


Overfull \hbox (10.5542pt too wide) in paragraph at lines 68--73
\OT1/cmr/m/n/10.95 Algoritem sem na CPE par-aleliziral z uporabo knji^^Tznice OpenMP [[]2[]]. OpenMP
 []

[4]
Overfull \hbox (2.88727pt too wide) in paragraph at lines 80--86
\OT1/cmr/m/n/10.95 izvedel s pomo^^Tcjo atomi^^Tcnih op-eraciji (\OT1/cmr/m/it/10.95 #pragma omp atomic\OT1/cmr/m/n/10.95 ) in pri^^Tstevanjem
 []


Overfull \hbox (5.76358pt too wide) in paragraph at lines 92--96
\OT1/cmr/m/n/10.95 Algoritem sem na GPE par-aleliziral z uporabo knji^^Tznice OpenCL [[]3[]]. OpenCL
 []

[5]
<../img/cube_640x480.png, id=175, 481.8pt x 361.35pt>
File: ../img/cube_640x480.png Graphic file (type png)
<use ../img/cube_640x480.png>
Package pdftex.def Info: ../img/cube_640x480.png  used on input line 114.
(pdftex.def)             Requested size: 192.71658pt x 144.53743pt.

Overfull \hbox (13.23471pt too wide) in paragraph at lines 122--123
\OT1/cmr/m/n/10.95 Slika 2 pred-stavlja rezul-tat kom-pre-sije pri parametrih \OT1/cmr/m/it/10.95 k\OT1/cmr/m/n/10.95 =64 in \OT1/cmr/m/it/10.95 n\OT1/cmr/m/n/10.95 =50 (\OT1/cmr/m/it/10.95 k\OT1/cmr/m/n/10.95 |^^Tstevilo
 []

[6 <../img/cube_640x480.png>]
<../img/out_64.png, id=180, 903.375pt x 602.25pt>
File: ../img/out_64.png Graphic file (type png)
<use ../img/out_64.png>
Package pdftex.def Info: ../img/out_64.png  used on input line 125.
(pdftex.def)             Requested size: 180.6718pt x 120.44786pt.
<../img/out_16.png, id=181, 903.375pt x 602.25pt>
File: ../img/out_16.png Graphic file (type png)
<use ../img/out_16.png>
Package pdftex.def Info: ../img/out_16.png  used on input line 131.
(pdftex.def)             Requested size: 180.6718pt x 120.44786pt.


Package hyperref Warning: Composite letter `\textasciicaron+c'
(hyperref)                not defined in PD1 encoding,
(hyperref)                removing `\textasciicaron' on input line 136.


Package hyperref Warning: Composite letter `\textasciicaron+c'
(hyperref)                not defined in PD1 encoding,
(hyperref)                removing `\textasciicaron' on input line 151.

[7 <../img/out_64.png (PNG copy)> <../img/out_16.png (PNG copy)>]

Package hyperref Warning: Composite letter `\textasciicaron+C'
(hyperref)                not defined in PD1 encoding,
(hyperref)                removing `\textasciicaron' on input line 157.

<../img/cpu.png, id=187, 622.325pt x 644.4075pt>
File: ../img/cpu.png Graphic file (type png)
<use ../img/cpu.png>
Package pdftex.def Info: ../img/cpu.png  used on input line 161.
(pdftex.def)             Requested size: 311.16173pt x 322.20296pt.

Package hyperref Warning: Composite letter `\textasciicaron+C'
(hyperref)                not defined in PD1 encoding,
(hyperref)                removing `\textasciicaron' on input line 168.

<../img/cpup.png, id=190, 1316.92pt x 852.18375pt>
File: ../img/cpup.png Graphic file (type png)
<use ../img/cpup.png>
Package pdftex.def Info: ../img/cpup.png  used on input line 172.
(pdftex.def)             Requested size: 395.07906pt x 255.65709pt.

Overfull \hbox (35.07906pt too wide) in paragraph at lines 172--173
 [][] 
 []

[8 <../img/cpu.png>]
Overfull \hbox (1.35042pt too wide) in paragraph at lines 176--179
\OT1/cmr/m/n/10.95 Pri par-alelni im-ple-mentaciji na CPE, lahko opaz-imo, da ^^Tcas iz-va-janja nara^^Ts^^Tca
 []


Package hyperref Warning: Composite letter `\textasciicaron+C'
(hyperref)                not defined in PD1 encoding,
(hyperref)                removing `\textasciicaron' on input line 181.

<../img/gpu.png, id=199, 608.2725pt x 644.4075pt>
File: ../img/gpu.png Graphic file (type png)
<use ../img/gpu.png>
Package pdftex.def Info: ../img/gpu.png  used on input line 185.
(pdftex.def)             Requested size: 304.13551pt x 322.20296pt.
[9 <../img/cpup.png>]
<../img/cpup_perf.png, id=206, 1316.92pt x 852.18375pt>
File: ../img/cpup_perf.png Graphic file (type png)
<use ../img/cpup_perf.png>
Package pdftex.def Info: ../img/cpup_perf.png  used on input line 197.
(pdftex.def)             Requested size: 368.73509pt x 238.60982pt.

Overfull \hbox (8.73509pt too wide) in paragraph at lines 197--198
 [][] 
 []

[10 <../img/gpu.png>]

Package hyperref Warning: Composite letter `\textasciicaron+c'
(hyperref)                not defined in PD1 encoding,
(hyperref)                removing `\textasciicaron' on input line 204.

<../img/cpup_eff.png, id=212, 1316.92pt x 852.18375pt>
File: ../img/cpup_eff.png Graphic file (type png)
<use ../img/cpup_eff.png>
Package pdftex.def Info: ../img/cpup_eff.png  used on input line 208.
(pdftex.def)             Requested size: 368.73509pt x 238.60982pt.

Overfull \hbox (8.73509pt too wide) in paragraph at lines 208--209
 [][] 
 []

[11 <../img/cpup_perf.png>]
<../img/thread_comp.png, id=218, 1180.41pt x 1214.5375pt>
File: ../img/thread_comp.png Graphic file (type png)
<use ../img/thread_comp.png>
Package pdftex.def Info: ../img/thread_comp.png  used on input line 218.
(pdftex.def)             Requested size: 330.51254pt x 340.06818pt.
 [12 <../img/cpup_eff.png>]
<../img/gpu_perf.png, id=224, 615.29875pt x 644.4075pt>
File: ../img/gpu_perf.png Graphic file (type png)
<use ../img/gpu_perf.png>
Package pdftex.def Info: ../img/gpu_perf.png  used on input line 231.
(pdftex.def)             Requested size: 172.28247pt x 180.43286pt.
 [13 <../img/thread_comp.png>]
<../img/comp.png, id=231, 1186.4325pt x 924.45375pt>
File: ../img/comp.png Graphic file (type png)
<use ../img/comp.png>
Package pdftex.def Info: ../img/comp.png  used on input line 241.
(pdftex.def)             Requested size: 332.19884pt x 258.84528pt.
 [14 <../img/gpu_perf.png>]

Package hyperref Warning: Composite letter `\textasciicaron+c'
(hyperref)                not defined in PD1 encoding,
(hyperref)                removing `\textasciicaron' on input line 248.

[15 <../img/comp.png>]
Overfull \vbox (37.3327pt too high) has occurred while \output is active []

 [16] [17]
Overfull \vbox (37.3327pt too high) has occurred while \output is active []

 [18]
Package atveryend Info: Empty hook `BeforeClearDocument' on input line 399.
 [19]
Package atveryend Info: Empty hook `AfterLastShipout' on input line 399.
 (/home/nik/FRI/VPSA/Vaje/seminarska/results/report/report.aux)
Package atveryend Info: Executing hook `AtVeryEndDocument' on input line 399.
Package atveryend Info: Executing hook `AtEndAfterFileList' on input line 399.
Package rerunfilecheck Info: File `report.out' has not changed.
(rerunfilecheck)             Checksum: 07A61D7E9E08052EA242E9AAC612E019;1400.
Package logreq Info: Writing requests to 'report.run.xml'.
\openout1 = `report.run.xml'.

Package atveryend Info: Empty hook `AtVeryVeryEnd' on input line 399.
 ) 
Here is how much of TeX's memory you used:
 12931 strings out of 481239
 226899 string characters out of 5920377
 892514 words of memory out of 5000000
 27978 multiletter control sequences out of 15000+600000
 538665 words of font info for 45 fonts, out of 8000000 for 9000
 1141 hyphenation exceptions out of 8191
 36i,8n,45p,987b,1209s stack positions out of 5000i,500n,10000p,200000b,80000s
{/usr/share/texmf/fonts/enc/dvips/cm-super/cm-super-ts1.enc}</usr/share/texlive/texmf-dist/fonts/type1/public/amsfonts/cm/cmbx10.pfb></usr/share/texlive/texmf-dist/fonts/type1/public/amsfonts/cm/cmbx12.pfb></usr/share/texlive/texmf-dist/fonts/type1/public/amsfonts/cm/cmcsc10.pfb></usr/share/texlive/texmf-dist/fonts/type1/public/amsfonts/cm/cmmi10.pfb></usr/share/texlive/texmf-dist/fonts/type1/public/amsfonts/cm/cmmi8.pfb></usr/share/texlive/texmf-dist/fonts/type1/public/amsfonts/cm/cmr10.pfb></usr/share/texlive/texmf-dist/fonts/type1/public/amsfonts/cm/cmr12.pfb></usr/share/texlive/texmf-dist/fonts/type1/public/amsfonts/cm/cmr17.pfb></usr/share/texlive/texmf-dist/fonts/type1/public/amsfonts/cm/cmti10.pfb></usr/share/texlive/texmf-dist/fonts/type1/public/amsfonts/cm/cmtt10.pfb></usr/share/texmf/fonts/type1/public/cm-super/sfrm1095.pfb>
Output written on /home/nik/FRI/VPSA/Vaje/seminarska/results/report/report.pdf (19 pages, 1577246 bytes).
PDF statistics:
 319 PDF objects out of 1000 (max. 8388607)
 265 compressed objects within 3 object streams
 66 named destinations out of 1000 (max. 500000)
 200 words of extra memory for PDF output out of 10000 (max. 10000000)

